<?xml version="1.0" encoding="UTF-8"?>
<testsuite name="Cucumber" time="27.822" tests="1" skipped="0" failures="0" errors="0">
<testcase classname="Amazon" name="Amazon userid test" time="27.543">
<system-out><![CDATA[
Given browser "chrome" us open with url "https://www.amazon.in/"............passed
And I click sign in.........................................................passed
When I enter valid userid "paragguide@yahoo.co.in"..........................passed
And Click continue button...................................................passed
Then I Validate the userid..................................................passed
]]></system-out>
</testcase>
</testsuite>
